<?xml version="1.0" encoding="UTF-8"?>
<testng-results skipped="0" failed="0" total="1" passed="1">
  <reporter-output>
  </reporter-output>
  <suite name="Default suite" duration-ms="5798" started-at="2018-02-05T15:25:25Z" finished-at="2018-02-05T15:25:31Z">
    <groups>
      <group name="cucumber">
        <method signature="Trigger.feature(cucumber.api.testng.CucumberFeatureWrapper)[pri:0, instance:POC_BDD.POC_BDD_art.Trigger@59ec2012]" name="feature" class="POC_BDD.POC_BDD_art.Trigger"/>
      </group> <!-- cucumber -->
    </groups>
    <test name="Default test" duration-ms="5798" started-at="2018-02-05T15:25:25Z" finished-at="2018-02-05T15:25:31Z">
      <class name="POC_BDD.POC_BDD_art.Trigger">
        <test-method status="PASS" signature="setUpClass()[pri:0, instance:POC_BDD.POC_BDD_art.Trigger@59ec2012]" name="setUpClass" is-config="true" duration-ms="243" started-at="2018-02-05T20:55:25Z" finished-at="2018-02-05T20:55:25Z">
          <reporter-output>
          </reporter-output>
        </test-method> <!-- setUpClass -->
        <test-method status="PASS" signature="feature(cucumber.api.testng.CucumberFeatureWrapper)[pri:0, instance:POC_BDD.POC_BDD_art.Trigger@59ec2012]" name="feature" duration-ms="5479" started-at="2018-02-05T20:55:25Z" description="Runs Cucumber Feature" data-provider="features" finished-at="2018-02-05T20:55:31Z">
          <params>
            <param index="0">
              <value>
                <![CDATA[Login FB Page]]>
              </value>
            </param>
          </params>
          <reporter-output>
          </reporter-output>
        </test-method> <!-- feature -->
        <test-method status="PASS" signature="tearDownClass()[pri:0, instance:POC_BDD.POC_BDD_art.Trigger@59ec2012]" name="tearDownClass" is-config="true" duration-ms="2" started-at="2018-02-05T20:55:31Z" finished-at="2018-02-05T20:55:31Z">
          <reporter-output>
          </reporter-output>
        </test-method> <!-- tearDownClass -->
      </class> <!-- POC_BDD.POC_BDD_art.Trigger -->
    </test> <!-- Default test -->
  </suite> <!-- Default suite -->
</testng-results>
